<?xml version="1.0" encoding="UTF-8"?>
<!-- Generated by org.testng.reporters.JUnitReportReporter -->
<testsuite hostname="HB-laptops-075" failures="0" tests="2" name="Final_project_iqbal.iqbal2" time="44.588" errors="0" timestamp="2021-06-24T23:20:51 EDT" skipped="0">
  <testcase classname="Final_project_iqbal.iqbal2" name="imagess" time="18.866"/>
  <system-out/>
  <testcase classname="Final_project_iqbal.iqbal2" name="buttons" time="25.722"/>
  <system-out/>
</testsuite> <!-- Final_project_iqbal.iqbal2 -->
