<?xml version="1.0" encoding="UTF-8"?>
<!-- Generated by org.testng.reporters.JUnitReportReporter -->
<testsuite hostname="HB-laptops-075" failures="0" tests="1" name="Final_project_iqbal.Automated" time="18.572" errors="0" timestamp="2021-06-24T22:56:25 EDT" skipped="0">
  <testcase classname="Final_project_iqbal.Automated" name="batth" time="18.572"/>
  <system-out/>
</testsuite> <!-- Final_project_iqbal.Automated -->
